[+] Thu Apr  9 06:28:10 AM EDT 2026 - Setting up firewall...
[+] Thu Apr  9 06:28:10 AM EDT 2026 - Firewall enabled
[+] Thu Apr  9 06:28:16 AM EDT 2026 - Starting vulnerability scan...
[+] Thu Apr  9 06:33:14 AM EDT 2026 - Starting vulnerability scan...
[+] Tue Apr 14 01:18:24 AM EDT 2026 - Starting vulnerability scan...
[+] Tue Apr 14 01:19:20 AM EDT 2026 - Starting vulnerability scan...
[+] Tue Apr 14 01:25:45 AM EDT 2026 - Starting Fail2Ban...
[+] Tue Apr 14 01:25:49 AM EDT 2026 - Starting Fail2Ban...
[+] Tue Apr 14 01:44:21 AM EDT 2026 - Starting Fail2Ban...
[+] Tue Apr 14 01:44:30 AM EDT 2026 - Monitoring logs...
[+] Tue Apr 14 01:50:37 AM EDT 2026 - Running smart detection...
[+] Tue Apr 14 01:50:38 AM EDT 2026 - Blocking IP: 127.0.0.1
[+] Tue Apr 14 01:55:26 AM EDT 2026 - Running smart detection engine...
[+] Tue Apr 14 01:55:26 AM EDT 2026 - Recent failed attempts: 39
[+] Tue Apr 14 01:55:26 AM EDT 2026 - Brute-force attack detected!
[+] Tue Apr 14 01:55:26 AM EDT 2026 - Blocking attacker IP: ::1
[+] Tue Apr 14 01:55:26 AM EDT 2026 - Skipping localhost IP: 127.0.0.1
[+] Tue Apr 14 01:55:27 AM EDT 2026 - Smart detection completed
[+] Tue Apr 14 01:56:35 AM EDT 2026 - Running smart detection engine...
[+] Tue Apr 14 01:56:35 AM EDT 2026 - Recent failed attempts: 39
[+] Tue Apr 14 01:56:35 AM EDT 2026 - Brute-force attack detected!
[+] Tue Apr 14 01:56:35 AM EDT 2026 - Skipping localhost IP: ::1
[+] Tue Apr 14 01:56:35 AM EDT 2026 - Skipping localhost IP: 127.0.0.1
[+] Tue Apr 14 01:56:35 AM EDT 2026 - Smart detection completed
[+] Tue Apr 14 01:59:36 AM EDT 2026 - Starting Fail2Ban...
[+] Tue Apr 14 01:59:39 AM EDT 2026 - Starting Fail2Ban...
[+] Tue Apr 14 02:02:34 AM EDT 2026 - Setting up firewall...
[+] Tue Apr 14 02:02:34 AM EDT 2026 - Firewall enabled
[+] Wed Apr 15 12:37:04 PM EDT 2026 - Setting up firewall...
[+] Wed Apr 15 12:37:04 PM EDT 2026 - Firewall enabled
[+] Wed Apr 15 12:39:06 PM EDT 2026 - Starting vulnerability scan...
[+] Wed Apr 15 12:46:26 PM EDT 2026 - Applying DDoS protection...
[+] Wed Apr 15 12:46:30 PM EDT 2026 - Starting Fail2Ban...
[+] Wed Apr 15 12:46:34 PM EDT 2026 - Monitoring logs...
